<?xml version="1.0" encoding="UTF-8"?>
<coverage generated="1676981940663" clover="3.2.0">
  <project timestamp="1676981940663" name="All files">
    <metrics statements="22" coveredstatements="8" conditionals="2" coveredconditionals="0" methods="10" coveredmethods="2" elements="34" coveredelements="10" complexity="0" loc="22" ncloc="22" packages="2" files="2" classes="2"/>
    <package name="MemoryService">
      <metrics statements="18" coveredstatements="7" conditionals="0" coveredconditionals="0" methods="9" coveredmethods="2"/>
      <file name="service.js" path="/Users/dmitry_spivak/Repos/PDP/memorygoblet/MemoryService/service.js">
        <metrics statements="18" coveredstatements="7" conditionals="0" coveredconditionals="0" methods="9" coveredmethods="2"/>
        <line num="1" count="1" type="stmt"/>
        <line num="2" count="1" type="stmt"/>
        <line num="3" count="1" type="stmt"/>
        <line num="4" count="1" type="stmt"/>
        <line num="9" count="0" type="stmt"/>
        <line num="14" count="0" type="stmt"/>
        <line num="19" count="0" type="stmt"/>
        <line num="21" count="0" type="stmt"/>
        <line num="24" count="1" type="stmt"/>
        <line num="25" count="0" type="stmt"/>
        <line num="31" count="0" type="stmt"/>
        <line num="36" count="0" type="stmt"/>
        <line num="41" count="0" type="stmt"/>
        <line num="46" count="0" type="stmt"/>
        <line num="49" count="1" type="stmt"/>
        <line num="50" count="0" type="stmt"/>
        <line num="55" count="0" type="stmt"/>
        <line num="58" count="1" type="stmt"/>
      </file>
    </package>
    <package name="MemoryService.config">
      <metrics statements="4" coveredstatements="1" conditionals="2" coveredconditionals="0" methods="1" coveredmethods="0"/>
      <file name="prismaClient.js" path="/Users/dmitry_spivak/Repos/PDP/memorygoblet/MemoryService/config/prismaClient.js">
        <metrics statements="4" coveredstatements="1" conditionals="2" coveredconditionals="0" methods="1" coveredmethods="0"/>
        <line num="5" count="1" type="stmt"/>
        <line num="6" count="0" type="cond" truecount="0" falsecount="2"/>
        <line num="7" count="0" type="stmt"/>
        <line num="10" count="0" type="stmt"/>
      </file>
    </package>
  </project>
</coverage>
