{"/Users/dmitry_spivak/Repos/PDP/memorygoblet/MemoryService/service.js": {"path":"/Users/dmitry_spivak/Repos/PDP/memorygoblet/MemoryService/service.js","statementMap":{"0":{"start":{"line":1,"column":22},"end":{"line":63,"column":1}},"1":{"start":{"line":2,"column":23},"end":{"line":22,"column":3}},"2":{"start":{"line":3,"column":4},"end":{"line":3,"column":46}},"3":{"start":{"line":4,"column":22},"end":{"line":12,"column":6}},"4":{"start":{"line":9,"column":44},"end":{"line":9,"column":50}},"5":{"start":{"line":14,"column":19},"end":{"line":17,"column":6}},"6":{"start":{"line":19,"column":4},"end":{"line":19,"column":52}},"7":{"start":{"line":21,"column":4},"end":{"line":21,"column":85}},"8":{"start":{"line":21,"column":70},"end":{"line":21,"column":81}},"9":{"start":{"line":24,"column":23},"end":{"line":47,"column":3}},"10":{"start":{"line":25,"column":22},"end":{"line":34,"column":6}},"11":{"start":{"line":31,"column":44},"end":{"line":31,"column":50}},"12":{"start":{"line":36,"column":19},"end":{"line":39,"column":6}},"13":{"start":{"line":41,"column":4},"end":{"line":44,"column":7}},"14":{"start":{"line":46,"column":4},"end":{"line":46,"column":85}},"15":{"start":{"line":46,"column":70},"end":{"line":46,"column":81}},"16":{"start":{"line":49,"column":20},"end":{"line":56,"column":3}},"17":{"start":{"line":50,"column":19},"end":{"line":53,"column":6}},"18":{"start":{"line":55,"column":4},"end":{"line":55,"column":85}},"19":{"start":{"line":55,"column":70},"end":{"line":55,"column":81}},"20":{"start":{"line":58,"column":2},"end":{"line":62,"column":4}}},"fnMap":{"0":{"name":"(anonymous_0)","decl":{"start":{"line":1,"column":22},"end":{"line":1,"column":23}},"loc":{"start":{"line":1,"column":52},"end":{"line":63,"column":1}},"line":1},"1":{"name":"(anonymous_1)","decl":{"start":{"line":2,"column":23},"end":{"line":2,"column":24}},"loc":{"start":{"line":2,"column":66},"end":{"line":22,"column":3}},"line":2},"2":{"name":"(anonymous_2)","decl":{"start":{"line":9,"column":35},"end":{"line":9,"column":36}},"loc":{"start":{"line":9,"column":44},"end":{"line":9,"column":50}},"line":9},"3":{"name":"(anonymous_3)","decl":{"start":{"line":21,"column":58},"end":{"line":21,"column":59}},"loc":{"start":{"line":21,"column":70},"end":{"line":21,"column":81}},"line":21},"4":{"name":"(anonymous_4)","decl":{"start":{"line":24,"column":23},"end":{"line":24,"column":24}},"loc":{"start":{"line":24,"column":66},"end":{"line":47,"column":3}},"line":24},"5":{"name":"(anonymous_5)","decl":{"start":{"line":31,"column":35},"end":{"line":31,"column":36}},"loc":{"start":{"line":31,"column":44},"end":{"line":31,"column":50}},"line":31},"6":{"name":"(anonymous_6)","decl":{"start":{"line":46,"column":58},"end":{"line":46,"column":59}},"loc":{"start":{"line":46,"column":70},"end":{"line":46,"column":81}},"line":46},"7":{"name":"(anonymous_7)","decl":{"start":{"line":49,"column":20},"end":{"line":49,"column":21}},"loc":{"start":{"line":49,"column":34},"end":{"line":56,"column":3}},"line":49},"8":{"name":"(anonymous_8)","decl":{"start":{"line":55,"column":58},"end":{"line":55,"column":59}},"loc":{"start":{"line":55,"column":70},"end":{"line":55,"column":81}},"line":55}},"branchMap":{},"s":{"0":1,"1":1,"2":1,"3":1,"4":0,"5":0,"6":0,"7":0,"8":0,"9":1,"10":0,"11":0,"12":0,"13":0,"14":0,"15":0,"16":1,"17":0,"18":0,"19":0,"20":1},"f":{"0":1,"1":1,"2":0,"3":0,"4":0,"5":0,"6":0,"7":0,"8":0},"b":{},"_coverageSchema":"1a1c01bbd47fc00a2c39e90264f33305004495a9","hash":"2d9f3b0c9e4ebd133c593bc91055a95cc0b7fef4"}
,"/Users/dmitry_spivak/Repos/PDP/memorygoblet/MemoryService/config/prismaClient.js": {"path":"/Users/dmitry_spivak/Repos/PDP/memorygoblet/MemoryService/config/prismaClient.js","statementMap":{"0":{"start":{"line":5,"column":24},"end":{"line":11,"column":1}},"1":{"start":{"line":6,"column":2},"end":{"line":8,"column":3}},"2":{"start":{"line":7,"column":4},"end":{"line":7,"column":32}},"3":{"start":{"line":10,"column":2},"end":{"line":10,"column":16}}},"fnMap":{"0":{"name":"(anonymous_0)","decl":{"start":{"line":5,"column":24},"end":{"line":5,"column":25}},"loc":{"start":{"line":5,"column":30},"end":{"line":11,"column":1}},"line":5}},"branchMap":{"0":{"loc":{"start":{"line":6,"column":2},"end":{"line":8,"column":3}},"type":"if","locations":[{"start":{"line":6,"column":2},"end":{"line":8,"column":3}},{"start":{},"end":{}}],"line":6}},"s":{"0":1,"1":0,"2":0,"3":0},"f":{"0":0},"b":{"0":[0,0]},"_coverageSchema":"1a1c01bbd47fc00a2c39e90264f33305004495a9","hash":"42f9f2e0b1e3cafeda124891544622776558953b"}
}
